GalCon-Client/GalCon-Client-android/proguard/seeds.txt
com.railwaygames.solarsmash.Autostart
com.railwaygames.solarsmash.Autostart: Autostart()
com.railwaygames.solarsmash.MainActivity
com.railwaygames.solarsmash.MainActivity: MainActivity()
com.railwaygames.solarsmash.screen.widget.OKCancelDialog$Type: com.railwaygames.solarsmash.screen.widget.OKCancelDialog$Type[] values()
com.railwaygames.solarsmash.screen.widget.OKCancelDialog$Type: com.railwaygames.solarsmash.screen.widget.OKCancelDialog$Type valueOf(java.lang.String)
com.railwaygames.solarsmash.service.PingService
com.railwaygames.solarsmash.service.PingService: PingService()
...
com.facebook.widget.LoginButton$LoginClickListener
com.facebook.widget.LoginButton$LoginClickListener: com.facebook.widget.LoginButton this$0
com.facebook.widget.LoginButton$LoginClickListener: LoginButton$LoginClickListener(com.facebook.widget.LoginButton)
com.facebook.widget.LoginButton$LoginClickListener: void onClick(android.view.View)
com.facebook.widget.LoginButton$LoginClickListener: LoginButton$LoginClickListener(com.facebook.widget.LoginButton,com.facebook.widget.LoginButton$LoginClickListener)
com.facebook.widget.LoginButton$LoginClickListener$1
com.facebook.widget.LoginButton$LoginClickListener$1: com.facebook.widget.LoginButton$LoginClickListener this$1
com.facebook.widget.LoginButton$LoginClickListener$1: com.facebook.Session val$openSession
com.facebook.widget.LoginButton$LoginClickListener$1: LoginButton$LoginClickListener$1(com.facebook.widget.LoginButton$LoginClickListener,com.facebook.Session)
com.facebook.widget.LoginButton$LoginClickListener$1: void onClick(android.content.DialogInterface,int)
com.facebook.widget.LoginButton$OnErrorListener
com.facebook.widget.LoginButton$OnErrorListener: void onError(com.facebook.FacebookException)
com.facebook.widget.LoginButton$UserInfoChangedCallback
com.facebook.widget.LoginButton$UserInfoChangedCallback: void onUserInfoFetched(com.facebook.model.GraphUser)
com.facebook.widget.PickerFragment
com.facebook.widget.PickerFragment: java.lang.String SHOW_PICTURES_BUNDLE_KEY
com.facebook.widget.PickerFragment: java.lang.String EXTRA_FIELDS_BUNDLE_KEY
com.facebook.widget.PickerFragment: java.lang.String SHOW_TITLE_BAR_BUNDLE_KEY
com.facebook.widget.PickerFragment: java.lang.String TITLE_TEXT_BUNDLE_KEY
com.facebook.widget.PickerFragment: java.lang.String DONE_BUTTON_TEXT_BUNDLE_KEY
com.facebook.widget.PickerFragment: java.lang.String SELECTION_BUNDLE_KEY
com.facebook.widget.PickerFragment: java.lang.String ACTIVITY_CIRCLE_SHOW_KEY
com.facebook.widget.PickerFragment: int PROFILE_PICTURE_PREFETCH_BUFFER
com.facebook.widget.PickerFragment: int layout
com.facebook.widget.PickerFragment: com.facebook.widget.PickerFragment$OnErrorListener onErrorListener
com.facebook.widget.PickerFragment: com.facebook.widget.PickerFragment$OnDataChangedListener onDataChangedListener
com.facebook.widget.PickerFragment: com.facebook.widget.PickerFragment$OnSelectionChangedListener onSelectionChangedListener
com.facebook.widget.PickerFragment: com.facebook.widget.PickerFragment$OnDoneButtonClickedListener onDoneButtonClickedListener
com.facebook.widget.PickerFragment: com.facebook.widget.PickerFragment$GraphObjectFilter filter
com.facebook.widget.PickerFragment: boolean showPictures
com.facebook.widget.PickerFragment: boolean showTitleBar
com.facebook.widget.PickerFragment: android.widget.ListView listView
com.facebook.widget.PickerFragment$1
com.facebook.widget.PickerFragment$1: com.facebook.widget.PickerFragment this$0
com.facebook.widget.PickerFragment$1: PickerFragment$1(com.facebook.widget.PickerFragment)
com.facebook.widget.PickerFragment$1: void onScrollStateChanged(android.widget.AbsListView,int)
com.facebook.widget.PickerFragment$1: void onScroll(android.widget.AbsListView,int,int,int)
com.facebook.widget.PickerFragment$2
com.facebook.widget.PickerFragment$2: com.facebook.widget.PickerFragment this$0
com.facebook.widget.PickerFragment$2: PickerFragment$2(com.facebook.widget.PickerFragment)
com.facebook.widget.PickerFragment$2: boolean includeItem(com.facebook.model.GraphObject)
com.facebook.widget.PickerFragment$2: boolean includeItem(java.lang.Object)
com.facebook.widget.PickerFragment$3
com.facebook.widget.PickerFragment$3: com.facebook.widget.PickerFragment this$0
com.facebook.widget.PickerFragment$3: PickerFragment$3(com.facebook.widget.PickerFragment)
com.facebook.widget.PickerFragment$3: void onItemClick(android.widget.AdapterView,android.view.View,int,long)