GalCon-Client/GalCon-Client-android/proguard/mapping.txt
com.railwaygames.solarsmash.AndroidConfig -> com.railwaygames.solarsmash.a:
    13:13:java.lang.String getValue(java.lang.String) -> a
com.railwaygames.solarsmash.AndroidGameAction -> com.railwaygames.solarsmash.b:
    android.net.ConnectivityManager connectivityManager -> a
    android.app.Activity activity -> b
    com.railwaygames.solarsmash.http.SocialAction socialAction -> c
    com.railwaygames.solarsmash.GameLoop gameLoop -> d
    com.railwaygames.solarsmash.Config config -> e
    java.lang.String session -> f
    com.railwaygames.solarsmash.http.GameActionCache$MapsCache mapCache -> g
    com.railwaygames.solarsmash.http.GameActionCache$InventoryCache inventoryCache -> h
    150:150:java.lang.String getSession() -> a
    155:164:void setSession(java.lang.String) -> a
    167:168:void setGameLoop(com.railwaygames.solarsmash.GameLoop) -> a
    180:193:void findAllMaps(com.railwaygames.solarsmash.http.UIConnectionResultCallback) -> a
    210:222:void matchPlayerToGame(com.railwaygames.solarsmash.http.UIConnectionResultCallback,java.lang.String,java.lang.Long) -> a
    227:239:void performMoves(com.railwaygames.solarsmash.http.UIConnectionResultCallback,java.lang.String,java.util.List,java.util.List) -> a
    244:253:void addFreeCoins(com.railwaygames.solarsmash.http.UIConnectionResultCallback,java.lang.String) -> a
    258:268:void addCoinsForAnOrder(com.railwaygames.solarsmash.http.UIConnectionResultCallback,java.lang.String,java.util.List) -> a
    274:285:void deleteConsumedOrders(com.railwaygames.solarsmash.http.UIConnectionResultCallback,java.lang.String,java.util.List) -> b
com.railwaygames.solarsmash.AndroidGameAction$1 -> com.railwaygames.solarsmash.c:
    com.railwaygames.solarsmash.AndroidGameAction this$0 -> a
    java.lang.String val$session -> b
    159:162:void run() -> run
com.railwaygames.solarsmash.AndroidGameAction$10 -> com.railwaygames.solarsmash.d:
    com.railwaygames.solarsmash.AndroidGameAction this$0 -> a
    java.util.Map val$args -> b
    com.railwaygames.solarsmash.http.UIConnectionResultCallback val$callback -> c
    310:311:void run() -> run
com.railwaygames.solarsmash.AndroidGameAction$11 -> com.railwaygames.solarsmash.e:
    com.railwaygames.solarsmash.AndroidGameAction this$0 -> a
    java.util.Map val$args -> b
    com.railwaygames.solarsmash.http.UIConnectionResultCallback val$callback -> c
    321:323:void run() -> run
com.railwaygames.solarsmash.AndroidGameAction$12 -> com.railwaygames.solarsmash.f:
    com.railwaygames.solarsmash.AndroidGameAction this$0 -> a
    java.util.Map val$args -> b
    com.railwaygames.solarsmash.http.UIConnectionResultCallback val$callback -> c
    332:334:void run() -> run
com.railwaygames.solarsmash.AndroidGameAction$13 -> com.railwaygames.solarsmash.g:
    com.railwaygames.solarsmash.AndroidGameAction this$0 -> a
    java.util.Map val$args -> b
    com.railwaygames.solarsmash.http.UIConnectionResultCallback val$callback -> c
    346:347:void run() -> run
com.railwaygames.solarsmash.AndroidGameAction$14 -> com.railwaygames.solarsmash.h:
    com.railwaygames.solarsmash.AndroidGameAction this$0 -> a
    java.util.Map val$args -> b
    com.railwaygames.solarsmash.http.UIConnectionResultCallback val$callback -> c
    359:360:void run() -> run
com.railwaygames.solarsmash.AndroidGameAction$15 -> com.railwaygames.solarsmash.i:
    com.railwaygames.solarsmash.AndroidGameAction this$0 -> a
    375:377:void run() -> run
com.railwaygames.solarsmash.AndroidGameAction$16 -> com.railwaygames.solarsmash.j:
    com.railwaygames.solarsmash.AndroidGameAction this$0 -> a
    java.util.Map val$args -> b
    com.railwaygames.solarsmash.http.UIConnectionResultCallback val$callback -> c
    389:391:void run() -> run
...
com.google.android.gms.internal.ew -> com.google.android.gms.internal.ew:
    com.google.android.gms.internal.ex CREATOR -> a
    int wj -> b
    com.google.android.gms.internal.ey Co -> c
    int getVersionCode() -> a
    com.google.android.gms.internal.ey ei() -> b
    com.google.android.gms.internal.ew a(com.google.android.gms.internal.fb$b) -> a
    com.google.android.gms.internal.fb$b ej() -> c
    int describeContents() -> describeContents
    void writeToParcel(android.os.Parcel,int) -> writeToParcel
com.google.android.gms.internal.ex -> com.google.android.gms.internal.ho:
    void a(com.google.android.gms.internal.ew,android.os.Parcel,int) -> a
    java.lang.Object[] newArray(int) -> newArray
    java.lang.Object createFromParcel(android.os.Parcel) -> createFromParcel
com.google.android.gms.internal.ey -> com.google.android.gms.internal.ey:
    com.google.android.gms.internal.ez CREATOR -> a
    int wj -> b
    java.util.HashMap Cp -> c
    java.util.HashMap Cq -> d
    java.util.ArrayList Cr -> e
    void a(java.util.ArrayList) -> a
    int getVersionCode() -> a
    java.util.ArrayList ek() -> b
    com.google.android.gms.internal.ey f(java.lang.String,int) -> a
    int describeContents() -> describeContents
    void writeToParcel(android.os.Parcel,int) -> writeToParcel
    java.lang.Object g(java.lang.Object) -> a
com.google.android.gms.internal.ey$a -> com.google.android.gms.internal.ey$a:
    com.google.android.gms.internal.fa CREATOR -> a
    int versionCode -> b
    java.lang.String Cs -> c
    int Ct -> d
    int describeContents() -> describeContents
    void writeToParcel(android.os.Parcel,int) -> writeToParcel
com.google.android.gms.internal.ez -> com.google.android.gms.internal.hq:
    void a$494717fe(com.google.android.gms.internal.ey,android.os.Parcel) -> a
    java.lang.Object[] newArray(int) -> newArray
    java.lang.Object createFromParcel(android.os.Parcel) -> createFromParcel
com.google.android.gms.internal.f -> com.google.android.gms.internal.hs:
    int gj -> a
    int gk -> b
    int gl -> c
    int gm -> d
    int gn -> e
    int go -> f
    int gp -> g
    int gq -> h
    int gr -> i
    int gs -> j
    int gt -> k
    int gu -> l
    int gv -> m
    int gw -> n
    int gx -> o
    int gy -> p
    int gz -> q
    int gA -> r
    int gB -> s
    int gC -> t
    int gD -> u
    int gE -> v
    int gF -> w
    int gG -> x
    int gH -> y
    int gI -> z
    int gJ -> A
    int gK -> B
    int gL -> C
    int gM -> D
    int gN -> E
    int gO -> F
    int gP -> G
    int gQ -> H
    int gR -> I
    int gS -> J
    int gT -> K
    int gU -> L
    int gV -> M
    int gW -> N
    int gX -> O
    int gY -> P
    int gZ -> Q
    int ha -> R
    int hb -> S
    int hc -> T
    int hd -> U
    int he -> V
    int hf -> W
    int hg -> X
    int hh -> Y
    int hi -> Z
    int hj -> aa
    int hk -> ab
    int hl -> ac
    int hm -> ad
    int hn -> ae
    int ho -> af
    int hp -> ag
    int hq -> ah
    int hr -> ai
    int hs -> aj
    int ht -> ak
    int hu -> al
    int hv -> am
    int hw -> an
    int hx -> ao
    int hy -> ap
    int hz -> aq
    int hA -> ar
    int hB -> as
    int hC -> at
    int hD -> au
    int hE -> av
    int hF -> aw
    int hG -> ax
    int hH -> ay
    int hI -> az
    int hJ -> aA
    int hK -> aB
    int hL -> aC
    int hM -> aD
    int hN -> aE
    int hO -> aF
    int hP -> aG
    int hQ -> aH
    int hR -> aI
com.google.android.gms.internal.f$a -> com.google.android.gms.internal.hu:
    void b(byte[],byte[]) -> a
com.google.android.gms.internal.f$b -> com.google.android.gms.internal.hv:
    com.google.android.gms.internal.f jX -> a
    void b(byte[],byte[]) -> a
com.google.android.gms.internal.f$c -> com.google.android.gms.internal.hw:
    com.google.android.gms.internal.f jX -> a
    void b(byte[],byte[]) -> a
com.google.android.gms.internal.f$d -> com.google.android.gms.internal.hy:
    com.google.android.gms.internal.f jX -> a
    void b(byte[],byte[]) -> a