GalCon-Client/GalCon-Client-android/proguard/usage.txt
com.railwaygames.solarsmash.AndroidGameAction:
    private static final java.lang.String TAG
    196:205:public void joinGame(com.railwaygames.solarsmash.http.UIConnectionResultCallback,java.lang.String,java.lang.String)
com.railwaygames.solarsmash.AndroidGameAction$3
com.railwaygames.solarsmash.AndroidGameAction$SilentSignInAuthenticationListener:
    100:100:public void onSignOut()
com.railwaygames.solarsmash.BuildConfig
com.railwaygames.solarsmash.Config:
    public static final java.lang.String HOST
    public static final java.lang.String PORT
    public static final java.lang.String PROTOCOL
com.railwaygames.solarsmash.Connection:
    private static final int CONNECTION_TIMEOUT
    private static final int READ_TIMEOUT
    25:25:public Connection()
com.railwaygames.solarsmash.Constants:
    public static final java.lang.String APP_TITLE
    public static final java.lang.String CONNECTION_ERROR_MESSAGE
    public static final java.lang.String GALCON_PREFS
    public static final java.lang.String OWNER_NO_ONE
    public static final java.lang.String PLANETS
    public static final java.lang.String CURRENT_ROUND
    public static final java.lang.String ROUND_NUMBER
    public static final java.lang.String CREATED_DATE
    public static final java.lang.String DATE
    public static final java.lang.String PLAYER
    public static final java.lang.String PLAYER_HANDLE
    public static final java.lang.String PLAYERS
    public static final java.lang.String ITEMS
    public static final java.lang.String ID
    public static final java.lang.String EMAIL
    public static final java.lang.String NAME
    public static final java.lang.String CREATED
    public static final java.lang.String REASON
    public static final java.lang.String HANDLE
    public static final java.lang.String SHIP_REGEN_RATE
    public static final float SHIP_REGEN_RATE_MAX
    public static final java.lang.String NUMBER_OF_SHIPS
    public static final java.lang.String ABILITY
    public static final java.lang.String OWNER_HANDLE
    public static final java.lang.String POSITION
    public static final java.lang.String X
    public static final java.lang.String Y
    public static final java.lang.String WIDTH
com.railwaygames.solarsmash.Constants$Auth
com.railwaygames.solarsmash.Constants$Colors:
    85:85:public Constants$Colors()
com.railwaygames.solarsmash.Constants$Config
com.railwaygames.solarsmash.Constants$Tutorial
com.railwaygames.solarsmash.Constants$UI
com.railwaygames.solarsmash.ExternalActionWrapper:
    21:22:private ExternalActionWrapper()
com.railwaygames.solarsmash.MainActivity:
    public static final java.lang.String LOG_NAME
    public static final int GOOGLE_PLUS_SIGN_IN_ACTIVITY_RESULT_CODE
    public static final int FACEBOOK_SIGN_IN_ACTIVITY_RESULT_CODE
    public static final int GOOGLE_PLUS_PUBLISH_ACTIVITY_RESULT_CODE
    static final java.lang.String APP_ID
    static final java.lang.String ZONE_ID
    static final java.lang.String ENCODED_APPLICATION_ID
com.railwaygames.solarsmash.R
com.railwaygames.solarsmash.R$attr
com.railwaygames.solarsmash.R$color
com.railwaygames.solarsmash.R$dimen
com.railwaygames.solarsmash.R$drawable
com.railwaygames.solarsmash.R$id
com.railwaygames.solarsmash.R$integer
com.railwaygames.solarsmash.R$layout
com.railwaygames.solarsmash.R$menu
com.railwaygames.solarsmash.R$string
com.railwaygames.solarsmash.R$style
com.railwaygames.solarsmash.R$styleable
com.railwaygames.solarsmash.ScreenFeedback:
    public abstract void resetState()
com.railwaygames.solarsmash.Strings
com.railwaygames.solarsmash.UIConnectionWrapper:
    22:23:private UIConnectionWrapper()
    52:53:public static void joinGame(com.railwaygames.solarsmash.http.UIConnectionResultCallback,java.lang.String,java.lang.String)
    56:57:public static void findconfigByType(com.railwaygames.solarsmash.http.UIConnectionResultCallback,java.lang.String)
com.railwaygames.solarsmash.Util:
    6:6:public Util()
...
com.badlogic.gdx.physics.box2d.World$2
com.badlogic.gdx.physics.box2d.WorldManifold
com.badlogic.gdx.physics.box2d.joints.DistanceJoint
com.badlogic.gdx.physics.box2d.joints.DistanceJointDef
com.badlogic.gdx.physics.box2d.joints.FrictionJoint
com.badlogic.gdx.physics.box2d.joints.FrictionJointDef
com.badlogic.gdx.physics.box2d.joints.GearJoint
com.badlogic.gdx.physics.box2d.joints.GearJointDef
com.badlogic.gdx.physics.box2d.joints.MouseJoint
com.badlogic.gdx.physics.box2d.joints.MouseJointDef
com.badlogic.gdx.physics.box2d.joints.PrismaticJoint
com.badlogic.gdx.physics.box2d.joints.PrismaticJointDef
com.badlogic.gdx.physics.box2d.joints.PulleyJoint
com.badlogic.gdx.physics.box2d.joints.PulleyJointDef
com.badlogic.gdx.physics.box2d.joints.RevoluteJoint
com.badlogic.gdx.physics.box2d.joints.RevoluteJointDef
com.badlogic.gdx.physics.box2d.joints.RopeJoint
com.badlogic.gdx.physics.box2d.joints.RopeJointDef
com.badlogic.gdx.physics.box2d.joints.WeldJoint
com.badlogic.gdx.physics.box2d.joints.WeldJointDef
com.badlogic.gdx.physics.box2d.joints.WheelJoint
com.badlogic.gdx.physics.box2d.joints.WheelJointDef
com.badlogic.gdx.scenes.scene2d.Action:
    43:43:public com.badlogic.gdx.scenes.scene2d.Actor getActor()
com.badlogic.gdx.scenes.scene2d.Actor:
    private java.lang.Object userObject
    222:222:public com.badlogic.gdx.utils.Array getListeners()
    233:233:public boolean removeCaptureListener(com.badlogic.gdx.scenes.scene2d.EventListener)
    237:237:public com.badlogic.gdx.utils.Array getCaptureListeners()
    246:247:public void removeAction(com.badlogic.gdx.scenes.scene2d.Action)
    250:250:public com.badlogic.gdx.utils.Array getActions()
    296:300:public boolean isAscendantOf(com.badlogic.gdx.scenes.scene2d.Actor)
    306:306:public boolean hasParent()
    322:322:public boolean isTouchable()
    344:344:public java.lang.Object getUserObject()
    349:350:public void setUserObject(java.lang.Object)
    401:401:public float getTop()
    406:406:public float getRight()
    424:427:public void sizeBy(float)
    431:434:public void sizeBy(float,float)
    452:453:public void setOriginX(float)
    460:461:public void setOriginY(float)
    474:475:public void setScaleX(float)
    482:483:public void setScaleY(float)
    487:489:public void setScale(float)
    499:501:public void scaleBy(float)
    505:507:public void scaleBy(float,float)
    536:536:public java.lang.String getName()
    542:543:public void setName(java.lang.String)
    547:548:public void toFront()
    552:553:public void toBack()
    559:569:public void setZIndex(int)
    574:576:public int getZIndex()
    581:581:public boolean clipBegin()
com.badlogic.gdx.scenes.scene2d.Event:
    55:58:public void cancel()
    102:103:public void setBubbles(boolean)
    127:127:public boolean isCapture()
com.badlogic.gdx.scenes.scene2d.Group:
    234:240:public void addActorBefore(com.badlogic.gdx.scenes.scene2d.Actor,com.badlogic.gdx.scenes.scene2d.Actor)
    245:254:public void addActorAfter(com.badlogic.gdx.scenes.scene2d.Actor,com.badlogic.gdx.scenes.scene2d.Actor)
    290:300:public com.badlogic.gdx.scenes.scene2d.Actor findActor(java.lang.String)
    312:316:public boolean swapActor(int,int)
    321:325:public boolean swapActor(com.badlogic.gdx.scenes.scene2d.Actor,com.badlogic.gdx.scenes.scene2d.Actor)
    334:334:public boolean hasChildren()
    353:359:public com.badlogic.gdx.math.Vector2 localToDescendantCoordinates(com.badlogic.gdx.scenes.scene2d.Actor,com.badlogic.gdx.math.Vector2)
    364:365:public void print()
    368:374:private void print(java.lang.String)
com.badlogic.gdx.scenes.scene2d.InputEvent:
    108:109:public void setScrollAmount(int)